<?xml version="1.0" encoding="UTF-8"?>
<testng-results skipped="0" failed="0" ignored="0" total="2" passed="2">
  <reporter-output>
  </reporter-output>
  <suite name="Surefire suite" duration-ms="14199" started-at="2017-06-29T23:08:52Z" finished-at="2017-06-29T23:09:06Z">
    <groups>
      <group name="cucumber">
        <method signature="AbstractTestNGCucumberTests.feature(cucumber.api.testng.CucumberFeatureWrapper)[pri:0, instance:runner.TestRunner@153f5a29]" name="feature" class="cucumber.api.testng.AbstractTestNGCucumberTests"/>
      </group> <!-- cucumber -->
    </groups>
    <test name="Surefire test" duration-ms="14199" started-at="2017-06-29T23:08:52Z" finished-at="2017-06-29T23:09:06Z">
      <class name="runner.TestRunner">
        <test-method status="PASS" signature="setUpClass()[pri:0, instance:runner.TestRunner@153f5a29]" name="setUpClass" is-config="true" duration-ms="484" started-at="2017-06-30T01:08:52Z" finished-at="2017-06-30T01:08:53Z">
          <reporter-output>
          </reporter-output>
        </test-method> <!-- setUpClass -->
        <test-method status="PASS" signature="feature(cucumber.api.testng.CucumberFeatureWrapper)[pri:0, instance:runner.TestRunner@153f5a29]" name="feature" duration-ms="7745" started-at="2017-06-30T01:08:53Z" description="Runs Cucumber Feature" data-provider="features" finished-at="2017-06-30T01:09:01Z">
          <params>
            <param index="0">
              <value>
                <![CDATA[LoginFeature]]>
              </value>
            </param>
          </params>
          <reporter-output>
          </reporter-output>
        </test-method> <!-- feature -->
        <test-method status="PASS" signature="feature(cucumber.api.testng.CucumberFeatureWrapper)[pri:0, instance:runner.TestRunner@153f5a29]" name="feature" duration-ms="5829" started-at="2017-06-30T01:09:01Z" description="Runs Cucumber Feature" data-provider="features" finished-at="2017-06-30T01:09:06Z">
          <params>
            <param index="0">
              <value>
                <![CDATA[UserFormFeature]]>
              </value>
            </param>
          </params>
          <reporter-output>
          </reporter-output>
        </test-method> <!-- feature -->
        <test-method status="PASS" signature="tearDownClass()[pri:0, instance:runner.TestRunner@153f5a29]" name="tearDownClass" is-config="true" duration-ms="17" started-at="2017-06-30T01:09:06Z" finished-at="2017-06-30T01:09:06Z">
          <reporter-output>
          </reporter-output>
        </test-method> <!-- tearDownClass -->
      </class> <!-- runner.TestRunner -->
    </test> <!-- Surefire test -->
  </suite> <!-- Surefire suite -->
</testng-results>
